<?xml version="1.0" encoding="UTF-8"?>
<!-- Generated by org.testng.reporters.JUnitReportReporter -->
<testsuite hostname="LAPTOP-EHHH5ECB" failures="0" tests="4" name="com.qa.hubspot.tests.LoginPageTest" time="9.745" errors="0" timestamp="27 May 2020 06:53:45 GMT">
  <testcase classname="com.qa.hubspot.tests.LoginPageTest" name="verifyLoginPageTitle" time="8.800"/>
  <testcase classname="com.qa.hubspot.tests.LoginPageTest" name="doLogin" time="0.708"/>
  <testcase classname="com.qa.hubspot.tests.LoginPageTest" name="enableRememberMeCheckBox" time="0.145"/>
  <testcase classname="com.qa.hubspot.tests.LoginPageTest" name="verifySignUpLink" time="0.092"/>
</testsuite> <!-- com.qa.hubspot.tests.LoginPageTest -->
